<?xml version="1.0" encoding="UTF-8"?>
<!-- Generated by org.testng.reporters.JUnitReportReporter -->
<testsuite hostname="nagababu-Vostro" failures="0" tests="1" name="com.automation_practise.base_class" time="0.010" errors="0" timestamp="2025-04-21T10:32:24 IST" skipped="0">
  <testcase classname="com.automation_practise.base_class" name="run" time="0.010"/>
</testsuite> <!-- com.automation_practise.base_class -->
